e:\code\ultravnc-code-r1273-ultravnc project root-ultravnc\winvnc\bin\x64_debug\libzstd_static.pdb
e:\code\ultravnc-code-r1273-ultravnc project root-ultravnc\winvnc\bin\obj\libzstd_x64_debug\zstdmt_compress.obj
e:\code\ultravnc-code-r1273-ultravnc project root-ultravnc\winvnc\bin\obj\libzstd_x64_debug\zstd_ldm.obj
e:\code\ultravnc-code-r1273-ultravnc project root-ultravnc\winvnc\bin\obj\libzstd_x64_debug\zstd_opt.obj
e:\code\ultravnc-code-r1273-ultravnc project root-ultravnc\winvnc\bin\obj\libzstd_x64_debug\zstd_lazy.obj
e:\code\ultravnc-code-r1273-ultravnc project root-ultravnc\winvnc\bin\obj\libzstd_x64_debug\zstd_double_fast.obj
e:\code\ultravnc-code-r1273-ultravnc project root-ultravnc\winvnc\bin\obj\libzstd_x64_debug\zstd_fast.obj
e:\code\ultravnc-code-r1273-ultravnc project root-ultravnc\winvnc\bin\obj\libzstd_x64_debug\zstd_compress_sequences.obj
e:\code\ultravnc-code-r1273-ultravnc project root-ultravnc\winvnc\bin\obj\libzstd_x64_debug\zstd_compress_literals.obj
e:\code\ultravnc-code-r1273-ultravnc project root-ultravnc\winvnc\bin\obj\libzstd_x64_debug\zstd_compress.obj
e:\code\ultravnc-code-r1273-ultravnc project root-ultravnc\winvnc\bin\obj\libzstd_x64_debug\huf_compress.obj
e:\code\ultravnc-code-r1273-ultravnc project root-ultravnc\winvnc\bin\obj\libzstd_x64_debug\fse_compress.obj
e:\code\ultravnc-code-r1273-ultravnc project root-ultravnc\winvnc\bin\obj\libzstd_x64_debug\fse_decompress.obj
e:\code\ultravnc-code-r1273-ultravnc project root-ultravnc\winvnc\bin\obj\libzstd_x64_debug\zstd_common.obj
e:\code\ultravnc-code-r1273-ultravnc project root-ultravnc\winvnc\bin\obj\libzstd_x64_debug\xxhash.obj
e:\code\ultravnc-code-r1273-ultravnc project root-ultravnc\winvnc\bin\obj\libzstd_x64_debug\error_private.obj
e:\code\ultravnc-code-r1273-ultravnc project root-ultravnc\winvnc\bin\obj\libzstd_x64_debug\hist.obj
e:\code\ultravnc-code-r1273-ultravnc project root-ultravnc\winvnc\bin\obj\libzstd_x64_debug\entropy_common.obj
e:\code\ultravnc-code-r1273-ultravnc project root-ultravnc\winvnc\bin\obj\libzstd_x64_debug\threading.obj
e:\code\ultravnc-code-r1273-ultravnc project root-ultravnc\winvnc\bin\obj\libzstd_x64_debug\debug.obj
e:\code\ultravnc-code-r1273-ultravnc project root-ultravnc\winvnc\bin\obj\libzstd_x64_debug\pool.obj
e:\code\ultravnc-code-r1273-ultravnc project root-ultravnc\winvnc\bin\obj\libzstd_x64_debug\zstd_v07.obj
e:\code\ultravnc-code-r1273-ultravnc project root-ultravnc\winvnc\bin\obj\libzstd_x64_debug\zstd_v06.obj
e:\code\ultravnc-code-r1273-ultravnc project root-ultravnc\winvnc\bin\obj\libzstd_x64_debug\zstd_v05.obj
e:\code\ultravnc-code-r1273-ultravnc project root-ultravnc\winvnc\bin\obj\libzstd_x64_debug\zstd_v04.obj
e:\code\ultravnc-code-r1273-ultravnc project root-ultravnc\winvnc\bin\obj\libzstd_x64_debug\zstd_v03.obj
e:\code\ultravnc-code-r1273-ultravnc project root-ultravnc\winvnc\bin\obj\libzstd_x64_debug\zstd_v02.obj
e:\code\ultravnc-code-r1273-ultravnc project root-ultravnc\winvnc\bin\obj\libzstd_x64_debug\zstd_v01.obj
e:\code\ultravnc-code-r1273-ultravnc project root-ultravnc\winvnc\bin\obj\libzstd_x64_debug\zdict.obj
e:\code\ultravnc-code-r1273-ultravnc project root-ultravnc\winvnc\bin\obj\libzstd_x64_debug\divsufsort.obj
e:\code\ultravnc-code-r1273-ultravnc project root-ultravnc\winvnc\bin\obj\libzstd_x64_debug\fastcover.obj
e:\code\ultravnc-code-r1273-ultravnc project root-ultravnc\winvnc\bin\obj\libzstd_x64_debug\cover.obj
e:\code\ultravnc-code-r1273-ultravnc project root-ultravnc\winvnc\bin\obj\libzstd_x64_debug\zbuff_decompress.obj
e:\code\ultravnc-code-r1273-ultravnc project root-ultravnc\winvnc\bin\obj\libzstd_x64_debug\zbuff_compress.obj
e:\code\ultravnc-code-r1273-ultravnc project root-ultravnc\winvnc\bin\obj\libzstd_x64_debug\zbuff_common.obj
e:\code\ultravnc-code-r1273-ultravnc project root-ultravnc\winvnc\bin\obj\libzstd_x64_debug\zstd_ddict.obj
e:\code\ultravnc-code-r1273-ultravnc project root-ultravnc\winvnc\bin\obj\libzstd_x64_debug\zstd_decompress_block.obj
e:\code\ultravnc-code-r1273-ultravnc project root-ultravnc\winvnc\bin\obj\libzstd_x64_debug\zstd_decompress.obj
e:\code\ultravnc-code-r1273-ultravnc project root-ultravnc\winvnc\bin\obj\libzstd_x64_debug\huf_decompress.obj
e:\code\ultravnc-code-r1273-ultravnc project root-ultravnc\winvnc\bin\x64_debug\libzstd_static.lib
e:\code\ultravnc-code-r1273-ultravnc project root-ultravnc\winvnc\bin\obj\libzstd_x64_debug\libzstd.tlog\cl.command.1.tlog
e:\code\ultravnc-code-r1273-ultravnc project root-ultravnc\winvnc\bin\obj\libzstd_x64_debug\libzstd.tlog\cl.read.1.tlog
e:\code\ultravnc-code-r1273-ultravnc project root-ultravnc\winvnc\bin\obj\libzstd_x64_debug\libzstd.tlog\cl.write.1.tlog
e:\code\ultravnc-code-r1273-ultravnc project root-ultravnc\winvnc\bin\obj\libzstd_x64_debug\libzstd.tlog\lib-link.read.1.tlog
e:\code\ultravnc-code-r1273-ultravnc project root-ultravnc\winvnc\bin\obj\libzstd_x64_debug\libzstd.tlog\lib-link.write.1.tlog
e:\code\ultravnc-code-r1273-ultravnc project root-ultravnc\winvnc\bin\obj\libzstd_x64_debug\libzstd.tlog\lib.command.1.tlog
