e:\code\ultravnc-code-r1273-ultravnc project root-ultravnc\winvnc\bin\x64_release\libzstd_static.pdb
e:\code\ultravnc-code-r1273-ultravnc project root-ultravnc\winvnc\bin\obj\libzstd_x64_release\zstdmt_compress.obj
e:\code\ultravnc-code-r1273-ultravnc project root-ultravnc\winvnc\bin\obj\libzstd_x64_release\zstd_ldm.obj
e:\code\ultravnc-code-r1273-ultravnc project root-ultravnc\winvnc\bin\obj\libzstd_x64_release\zstd_opt.obj
e:\code\ultravnc-code-r1273-ultravnc project root-ultravnc\winvnc\bin\obj\libzstd_x64_release\zstd_lazy.obj
e:\code\ultravnc-code-r1273-ultravnc project root-ultravnc\winvnc\bin\obj\libzstd_x64_release\zstd_double_fast.obj
e:\code\ultravnc-code-r1273-ultravnc project root-ultravnc\winvnc\bin\obj\libzstd_x64_release\zstd_fast.obj
e:\code\ultravnc-code-r1273-ultravnc project root-ultravnc\winvnc\bin\obj\libzstd_x64_release\zstd_compress_sequences.obj
e:\code\ultravnc-code-r1273-ultravnc project root-ultravnc\winvnc\bin\obj\libzstd_x64_release\zstd_compress_literals.obj
e:\code\ultravnc-code-r1273-ultravnc project root-ultravnc\winvnc\bin\obj\libzstd_x64_release\zstd_compress.obj
e:\code\ultravnc-code-r1273-ultravnc project root-ultravnc\winvnc\bin\obj\libzstd_x64_release\huf_compress.obj
e:\code\ultravnc-code-r1273-ultravnc project root-ultravnc\winvnc\bin\obj\libzstd_x64_release\fse_compress.obj
e:\code\ultravnc-code-r1273-ultravnc project root-ultravnc\winvnc\bin\obj\libzstd_x64_release\fse_decompress.obj
e:\code\ultravnc-code-r1273-ultravnc project root-ultravnc\winvnc\bin\obj\libzstd_x64_release\zstd_common.obj
e:\code\ultravnc-code-r1273-ultravnc project root-ultravnc\winvnc\bin\obj\libzstd_x64_release\xxhash.obj
e:\code\ultravnc-code-r1273-ultravnc project root-ultravnc\winvnc\bin\obj\libzstd_x64_release\error_private.obj
e:\code\ultravnc-code-r1273-ultravnc project root-ultravnc\winvnc\bin\obj\libzstd_x64_release\hist.obj
e:\code\ultravnc-code-r1273-ultravnc project root-ultravnc\winvnc\bin\obj\libzstd_x64_release\entropy_common.obj
e:\code\ultravnc-code-r1273-ultravnc project root-ultravnc\winvnc\bin\obj\libzstd_x64_release\threading.obj
e:\code\ultravnc-code-r1273-ultravnc project root-ultravnc\winvnc\bin\obj\libzstd_x64_release\debug.obj
e:\code\ultravnc-code-r1273-ultravnc project root-ultravnc\winvnc\bin\obj\libzstd_x64_release\pool.obj
e:\code\ultravnc-code-r1273-ultravnc project root-ultravnc\winvnc\bin\obj\libzstd_x64_release\zstd_v07.obj
e:\code\ultravnc-code-r1273-ultravnc project root-ultravnc\winvnc\bin\obj\libzstd_x64_release\zstd_v06.obj
e:\code\ultravnc-code-r1273-ultravnc project root-ultravnc\winvnc\bin\obj\libzstd_x64_release\zstd_v05.obj
e:\code\ultravnc-code-r1273-ultravnc project root-ultravnc\winvnc\bin\obj\libzstd_x64_release\zstd_v04.obj
e:\code\ultravnc-code-r1273-ultravnc project root-ultravnc\winvnc\bin\obj\libzstd_x64_release\zstd_v03.obj
e:\code\ultravnc-code-r1273-ultravnc project root-ultravnc\winvnc\bin\obj\libzstd_x64_release\zstd_v02.obj
e:\code\ultravnc-code-r1273-ultravnc project root-ultravnc\winvnc\bin\obj\libzstd_x64_release\zstd_v01.obj
e:\code\ultravnc-code-r1273-ultravnc project root-ultravnc\winvnc\bin\obj\libzstd_x64_release\zdict.obj
e:\code\ultravnc-code-r1273-ultravnc project root-ultravnc\winvnc\bin\obj\libzstd_x64_release\divsufsort.obj
e:\code\ultravnc-code-r1273-ultravnc project root-ultravnc\winvnc\bin\obj\libzstd_x64_release\fastcover.obj
e:\code\ultravnc-code-r1273-ultravnc project root-ultravnc\winvnc\bin\obj\libzstd_x64_release\cover.obj
e:\code\ultravnc-code-r1273-ultravnc project root-ultravnc\winvnc\bin\obj\libzstd_x64_release\zbuff_decompress.obj
e:\code\ultravnc-code-r1273-ultravnc project root-ultravnc\winvnc\bin\obj\libzstd_x64_release\zbuff_compress.obj
e:\code\ultravnc-code-r1273-ultravnc project root-ultravnc\winvnc\bin\obj\libzstd_x64_release\zbuff_common.obj
e:\code\ultravnc-code-r1273-ultravnc project root-ultravnc\winvnc\bin\obj\libzstd_x64_release\zstd_ddict.obj
e:\code\ultravnc-code-r1273-ultravnc project root-ultravnc\winvnc\bin\obj\libzstd_x64_release\zstd_decompress_block.obj
e:\code\ultravnc-code-r1273-ultravnc project root-ultravnc\winvnc\bin\obj\libzstd_x64_release\zstd_decompress.obj
e:\code\ultravnc-code-r1273-ultravnc project root-ultravnc\winvnc\bin\obj\libzstd_x64_release\huf_decompress.obj
e:\code\ultravnc-code-r1273-ultravnc project root-ultravnc\winvnc\bin\x64_release\libzstd_static.lib
e:\code\ultravnc-code-r1273-ultravnc project root-ultravnc\winvnc\bin\obj\libzstd_x64_release\libzstd.tlog\cl.command.1.tlog
e:\code\ultravnc-code-r1273-ultravnc project root-ultravnc\winvnc\bin\obj\libzstd_x64_release\libzstd.tlog\cl.read.1.tlog
e:\code\ultravnc-code-r1273-ultravnc project root-ultravnc\winvnc\bin\obj\libzstd_x64_release\libzstd.tlog\cl.write.1.tlog
e:\code\ultravnc-code-r1273-ultravnc project root-ultravnc\winvnc\bin\obj\libzstd_x64_release\libzstd.tlog\lib-link.read.1.tlog
e:\code\ultravnc-code-r1273-ultravnc project root-ultravnc\winvnc\bin\obj\libzstd_x64_release\libzstd.tlog\lib-link.write.1.tlog
e:\code\ultravnc-code-r1273-ultravnc project root-ultravnc\winvnc\bin\obj\libzstd_x64_release\libzstd.tlog\lib.command.1.tlog
