e:\code\ultravnc-code-r1273-ultravnc project root-ultravnc\libjpeg-turbo-win\debug\libjpeg-turbo-win.pdb
e:\code\ultravnc-code-r1273-ultravnc project root-ultravnc\libjpeg-turbo-win\debug\libjpeg-turbo-win.idb
e:\code\ultravnc-code-r1273-ultravnc project root-ultravnc\libjpeg-turbo-win\debug\jdmaster.obj
e:\code\ultravnc-code-r1273-ultravnc project root-ultravnc\libjpeg-turbo-win\debug\jdmerge.obj
e:\code\ultravnc-code-r1273-ultravnc project root-ultravnc\libjpeg-turbo-win\debug\jdphuff.obj
e:\code\ultravnc-code-r1273-ultravnc project root-ultravnc\libjpeg-turbo-win\debug\jdpostct.obj
e:\code\ultravnc-code-r1273-ultravnc project root-ultravnc\libjpeg-turbo-win\debug\jdsample.obj
e:\code\ultravnc-code-r1273-ultravnc project root-ultravnc\libjpeg-turbo-win\debug\jdtrans.obj
e:\code\ultravnc-code-r1273-ultravnc project root-ultravnc\libjpeg-turbo-win\debug\jerror.obj
e:\code\ultravnc-code-r1273-ultravnc project root-ultravnc\libjpeg-turbo-win\debug\jfdctflt.obj
e:\code\ultravnc-code-r1273-ultravnc project root-ultravnc\libjpeg-turbo-win\debug\jfdctfst.obj
e:\code\ultravnc-code-r1273-ultravnc project root-ultravnc\libjpeg-turbo-win\debug\jfdctint.obj
e:\code\ultravnc-code-r1273-ultravnc project root-ultravnc\libjpeg-turbo-win\debug\jidctflt.obj
e:\code\ultravnc-code-r1273-ultravnc project root-ultravnc\libjpeg-turbo-win\debug\jidctfst.obj
e:\code\ultravnc-code-r1273-ultravnc project root-ultravnc\libjpeg-turbo-win\debug\jidctint.obj
e:\code\ultravnc-code-r1273-ultravnc project root-ultravnc\libjpeg-turbo-win\debug\jidctred.obj
e:\code\ultravnc-code-r1273-ultravnc project root-ultravnc\libjpeg-turbo-win\debug\jmemmgr.obj
e:\code\ultravnc-code-r1273-ultravnc project root-ultravnc\libjpeg-turbo-win\debug\jmemnobs.obj
e:\code\ultravnc-code-r1273-ultravnc project root-ultravnc\libjpeg-turbo-win\debug\jquant1.obj
e:\code\ultravnc-code-r1273-ultravnc project root-ultravnc\libjpeg-turbo-win\debug\jquant2.obj
e:\code\ultravnc-code-r1273-ultravnc project root-ultravnc\libjpeg-turbo-win\debug\jutils.obj
e:\code\ultravnc-code-r1273-ultravnc project root-ultravnc\libjpeg-turbo-win\debug\jsimd.obj
e:\code\ultravnc-code-r1273-ultravnc project root-ultravnc\libjpeg-turbo-win\debug\jcmarker.obj
e:\code\ultravnc-code-r1273-ultravnc project root-ultravnc\libjpeg-turbo-win\debug\jcmaster.obj
e:\code\ultravnc-code-r1273-ultravnc project root-ultravnc\libjpeg-turbo-win\debug\jcomapi.obj
e:\code\ultravnc-code-r1273-ultravnc project root-ultravnc\libjpeg-turbo-win\debug\jcparam.obj
e:\code\ultravnc-code-r1273-ultravnc project root-ultravnc\libjpeg-turbo-win\debug\jcphuff.obj
e:\code\ultravnc-code-r1273-ultravnc project root-ultravnc\libjpeg-turbo-win\debug\jcprepct.obj
e:\code\ultravnc-code-r1273-ultravnc project root-ultravnc\libjpeg-turbo-win\debug\jcsample.obj
e:\code\ultravnc-code-r1273-ultravnc project root-ultravnc\libjpeg-turbo-win\debug\jctrans.obj
e:\code\ultravnc-code-r1273-ultravnc project root-ultravnc\libjpeg-turbo-win\debug\jdapimin.obj
e:\code\ultravnc-code-r1273-ultravnc project root-ultravnc\libjpeg-turbo-win\debug\jdapistd.obj
e:\code\ultravnc-code-r1273-ultravnc project root-ultravnc\libjpeg-turbo-win\debug\jdarith.obj
e:\code\ultravnc-code-r1273-ultravnc project root-ultravnc\libjpeg-turbo-win\debug\jdatadst.obj
e:\code\ultravnc-code-r1273-ultravnc project root-ultravnc\libjpeg-turbo-win\debug\jdatasrc.obj
e:\code\ultravnc-code-r1273-ultravnc project root-ultravnc\libjpeg-turbo-win\debug\jdcoefct.obj
e:\code\ultravnc-code-r1273-ultravnc project root-ultravnc\libjpeg-turbo-win\debug\jdcolor.obj
e:\code\ultravnc-code-r1273-ultravnc project root-ultravnc\libjpeg-turbo-win\debug\jddctmgr.obj
e:\code\ultravnc-code-r1273-ultravnc project root-ultravnc\libjpeg-turbo-win\debug\jdhuff.obj
e:\code\ultravnc-code-r1273-ultravnc project root-ultravnc\libjpeg-turbo-win\debug\jdinput.obj
e:\code\ultravnc-code-r1273-ultravnc project root-ultravnc\libjpeg-turbo-win\debug\jdmainct.obj
e:\code\ultravnc-code-r1273-ultravnc project root-ultravnc\libjpeg-turbo-win\debug\jdmarker.obj
e:\code\ultravnc-code-r1273-ultravnc project root-ultravnc\libjpeg-turbo-win\debug\jaricom.obj
e:\code\ultravnc-code-r1273-ultravnc project root-ultravnc\libjpeg-turbo-win\debug\jcapimin.obj
e:\code\ultravnc-code-r1273-ultravnc project root-ultravnc\libjpeg-turbo-win\debug\jcapistd.obj
e:\code\ultravnc-code-r1273-ultravnc project root-ultravnc\libjpeg-turbo-win\debug\jcarith.obj
e:\code\ultravnc-code-r1273-ultravnc project root-ultravnc\libjpeg-turbo-win\debug\jccoefct.obj
e:\code\ultravnc-code-r1273-ultravnc project root-ultravnc\libjpeg-turbo-win\debug\jccolor.obj
e:\code\ultravnc-code-r1273-ultravnc project root-ultravnc\libjpeg-turbo-win\debug\jcdctmgr.obj
e:\code\ultravnc-code-r1273-ultravnc project root-ultravnc\libjpeg-turbo-win\debug\jchuff.obj
e:\code\ultravnc-code-r1273-ultravnc project root-ultravnc\libjpeg-turbo-win\debug\jcinit.obj
e:\code\ultravnc-code-r1273-ultravnc project root-ultravnc\libjpeg-turbo-win\debug\jcmainct.obj
e:\code\ultravnc-code-r1273-ultravnc project root-ultravnc\winvnc\debug\jccolor-avx2.obj
e:\code\ultravnc-code-r1273-ultravnc project root-ultravnc\winvnc\debug\jccolor-mmx.obj
e:\code\ultravnc-code-r1273-ultravnc project root-ultravnc\winvnc\debug\jccolor-sse2.obj
e:\code\ultravnc-code-r1273-ultravnc project root-ultravnc\winvnc\debug\jcgray-avx2.obj
e:\code\ultravnc-code-r1273-ultravnc project root-ultravnc\winvnc\debug\jcgray-mmx.obj
e:\code\ultravnc-code-r1273-ultravnc project root-ultravnc\winvnc\debug\jcgray-sse2.obj
e:\code\ultravnc-code-r1273-ultravnc project root-ultravnc\winvnc\debug\jchuff-sse2.obj
e:\code\ultravnc-code-r1273-ultravnc project root-ultravnc\winvnc\debug\jcphuff-sse2.obj
e:\code\ultravnc-code-r1273-ultravnc project root-ultravnc\winvnc\debug\jcsample-avx2.obj
e:\code\ultravnc-code-r1273-ultravnc project root-ultravnc\winvnc\debug\jcsample-mmx.obj
e:\code\ultravnc-code-r1273-ultravnc project root-ultravnc\winvnc\debug\jcsample-sse2.obj
e:\code\ultravnc-code-r1273-ultravnc project root-ultravnc\winvnc\debug\jdcolor-avx2.obj
e:\code\ultravnc-code-r1273-ultravnc project root-ultravnc\winvnc\debug\jdcolor-mmx.obj
e:\code\ultravnc-code-r1273-ultravnc project root-ultravnc\winvnc\debug\jdcolor-sse2.obj
e:\code\ultravnc-code-r1273-ultravnc project root-ultravnc\winvnc\debug\jdmerge-avx2.obj
e:\code\ultravnc-code-r1273-ultravnc project root-ultravnc\winvnc\debug\jdmerge-mmx.obj
e:\code\ultravnc-code-r1273-ultravnc project root-ultravnc\winvnc\debug\jdmerge-sse2.obj
e:\code\ultravnc-code-r1273-ultravnc project root-ultravnc\winvnc\debug\jdsample-avx2.obj
e:\code\ultravnc-code-r1273-ultravnc project root-ultravnc\winvnc\debug\jdsample-mmx.obj
e:\code\ultravnc-code-r1273-ultravnc project root-ultravnc\winvnc\debug\jdsample-sse2.obj
e:\code\ultravnc-code-r1273-ultravnc project root-ultravnc\winvnc\debug\jfdctflt-3dn.obj
e:\code\ultravnc-code-r1273-ultravnc project root-ultravnc\winvnc\debug\jfdctflt-sse.obj
e:\code\ultravnc-code-r1273-ultravnc project root-ultravnc\winvnc\debug\jfdctfst-mmx.obj
e:\code\ultravnc-code-r1273-ultravnc project root-ultravnc\winvnc\debug\jfdctfst-sse2.obj
e:\code\ultravnc-code-r1273-ultravnc project root-ultravnc\winvnc\debug\jfdctint-avx2.obj
e:\code\ultravnc-code-r1273-ultravnc project root-ultravnc\winvnc\debug\jfdctint-mmx.obj
e:\code\ultravnc-code-r1273-ultravnc project root-ultravnc\winvnc\debug\jfdctint-sse2.obj
e:\code\ultravnc-code-r1273-ultravnc project root-ultravnc\winvnc\debug\jidctflt-3dn.obj
e:\code\ultravnc-code-r1273-ultravnc project root-ultravnc\winvnc\debug\jidctflt-sse.obj
e:\code\ultravnc-code-r1273-ultravnc project root-ultravnc\winvnc\debug\jidctflt-sse2.obj
e:\code\ultravnc-code-r1273-ultravnc project root-ultravnc\winvnc\debug\jidctfst-mmx.obj
e:\code\ultravnc-code-r1273-ultravnc project root-ultravnc\winvnc\debug\jidctfst-sse2.obj
e:\code\ultravnc-code-r1273-ultravnc project root-ultravnc\winvnc\debug\jidctint-avx2.obj
e:\code\ultravnc-code-r1273-ultravnc project root-ultravnc\winvnc\debug\jidctint-mmx.obj
e:\code\ultravnc-code-r1273-ultravnc project root-ultravnc\winvnc\debug\jidctint-sse2.obj
e:\code\ultravnc-code-r1273-ultravnc project root-ultravnc\winvnc\debug\jidctred-mmx.obj
e:\code\ultravnc-code-r1273-ultravnc project root-ultravnc\winvnc\debug\jidctred-sse2.obj
e:\code\ultravnc-code-r1273-ultravnc project root-ultravnc\winvnc\debug\jquant-3dn.obj
e:\code\ultravnc-code-r1273-ultravnc project root-ultravnc\winvnc\debug\jquant-mmx.obj
e:\code\ultravnc-code-r1273-ultravnc project root-ultravnc\winvnc\debug\jquant-sse.obj
e:\code\ultravnc-code-r1273-ultravnc project root-ultravnc\winvnc\debug\jquantf-sse2.obj
e:\code\ultravnc-code-r1273-ultravnc project root-ultravnc\winvnc\debug\jquanti-avx2.obj
e:\code\ultravnc-code-r1273-ultravnc project root-ultravnc\winvnc\debug\jquanti-sse2.obj
e:\code\ultravnc-code-r1273-ultravnc project root-ultravnc\winvnc\debug\jsimdcpu.obj
e:\code\ultravnc-code-r1273-ultravnc project root-ultravnc\winvnc\debug\libjpeg-turbo-win.lib
e:\code\ultravnc-code-r1273-ultravnc project root-ultravnc\libjpeg-turbo-win\debug\libjpeg-.04f91fa4.tlog\cl.command.1.tlog
e:\code\ultravnc-code-r1273-ultravnc project root-ultravnc\libjpeg-turbo-win\debug\libjpeg-.04f91fa4.tlog\cl.read.1.tlog
e:\code\ultravnc-code-r1273-ultravnc project root-ultravnc\libjpeg-turbo-win\debug\libjpeg-.04f91fa4.tlog\cl.write.1.tlog
e:\code\ultravnc-code-r1273-ultravnc project root-ultravnc\libjpeg-turbo-win\debug\libjpeg-.04f91fa4.tlog\custombuild.command.1.tlog
e:\code\ultravnc-code-r1273-ultravnc project root-ultravnc\libjpeg-turbo-win\debug\libjpeg-.04f91fa4.tlog\custombuild.read.1.tlog
e:\code\ultravnc-code-r1273-ultravnc project root-ultravnc\libjpeg-turbo-win\debug\libjpeg-.04f91fa4.tlog\custombuild.write.1.tlog
e:\code\ultravnc-code-r1273-ultravnc project root-ultravnc\libjpeg-turbo-win\debug\libjpeg-.04f91fa4.tlog\lib-link.read.1.tlog
e:\code\ultravnc-code-r1273-ultravnc project root-ultravnc\libjpeg-turbo-win\debug\libjpeg-.04f91fa4.tlog\lib-link.write.1.tlog
e:\code\ultravnc-code-r1273-ultravnc project root-ultravnc\libjpeg-turbo-win\debug\libjpeg-.04f91fa4.tlog\lib.command.1.tlog
