e:\code\ultravnc-code-r1273-ultravnc project root-ultravnc\zipunzip_src\unzip\windll\vc6\lib\debug\zipinfo.obj
e:\code\ultravnc-code-r1273-ultravnc project root-ultravnc\zipunzip_src\unzip\windll\vc6\lib\debug\windll.obj
e:\code\ultravnc-code-r1273-ultravnc project root-ultravnc\zipunzip_src\unzip\windll\vc6\lib\debug\win32.obj
e:\code\ultravnc-code-r1273-ultravnc project root-ultravnc\zipunzip_src\unzip\windll\vc6\lib\debug\unshrink.obj
e:\code\ultravnc-code-r1273-ultravnc project root-ultravnc\zipunzip_src\unzip\windll\vc6\lib\debug\unreduce.obj
e:\code\ultravnc-code-r1273-ultravnc project root-ultravnc\zipunzip_src\unzip\windll\vc6\lib\debug\process.obj
e:\code\ultravnc-code-r1273-ultravnc project root-ultravnc\zipunzip_src\unzip\windll\vc6\lib\debug\nt.obj
e:\code\ultravnc-code-r1273-ultravnc project root-ultravnc\zipunzip_src\unzip\windll\vc6\lib\debug\match.obj
e:\code\ultravnc-code-r1273-ultravnc project root-ultravnc\zipunzip_src\unzip\windll\vc6\lib\debug\list.obj
e:\code\ultravnc-code-r1273-ultravnc project root-ultravnc\zipunzip_src\unzip\windll\vc6\lib\debug\inflate.obj
e:\code\ultravnc-code-r1273-ultravnc project root-ultravnc\zipunzip_src\unzip\windll\vc6\lib\debug\globals.obj
e:\code\ultravnc-code-r1273-ultravnc project root-ultravnc\zipunzip_src\unzip\windll\vc6\lib\debug\fileio.obj
e:\code\ultravnc-code-r1273-ultravnc project root-ultravnc\zipunzip_src\unzip\windll\vc6\lib\debug\extract.obj
e:\code\ultravnc-code-r1273-ultravnc project root-ultravnc\zipunzip_src\unzip\windll\vc6\lib\debug\explode.obj
e:\code\ultravnc-code-r1273-ultravnc project root-ultravnc\zipunzip_src\unzip\windll\vc6\lib\debug\crypt.obj
e:\code\ultravnc-code-r1273-ultravnc project root-ultravnc\zipunzip_src\unzip\windll\vc6\lib\debug\crctab.obj
e:\code\ultravnc-code-r1273-ultravnc project root-ultravnc\zipunzip_src\unzip\windll\vc6\lib\debug\crc_i386.obj
e:\code\ultravnc-code-r1273-ultravnc project root-ultravnc\zipunzip_src\unzip\windll\vc6\lib\debug\crc32.obj
e:\code\ultravnc-code-r1273-ultravnc project root-ultravnc\zipunzip_src\unzip\windll\vc6\lib\debug\api.obj
e:\code\ultravnc-code-r1273-ultravnc project root-ultravnc\winvnc\debug\unz32lib.lib
e:\code\ultravnc-code-r1273-ultravnc project root-ultravnc\zipunzip_src\unzip\windll\vc6\lib\debug\unz32lib.tlog\cl.command.1.tlog
e:\code\ultravnc-code-r1273-ultravnc project root-ultravnc\zipunzip_src\unzip\windll\vc6\lib\debug\unz32lib.tlog\cl.read.1.tlog
e:\code\ultravnc-code-r1273-ultravnc project root-ultravnc\zipunzip_src\unzip\windll\vc6\lib\debug\unz32lib.tlog\cl.write.1.tlog
e:\code\ultravnc-code-r1273-ultravnc project root-ultravnc\zipunzip_src\unzip\windll\vc6\lib\debug\unz32lib.tlog\lib-link.read.1.tlog
e:\code\ultravnc-code-r1273-ultravnc project root-ultravnc\zipunzip_src\unzip\windll\vc6\lib\debug\unz32lib.tlog\lib-link.write.1.tlog
e:\code\ultravnc-code-r1273-ultravnc project root-ultravnc\zipunzip_src\unzip\windll\vc6\lib\debug\unz32lib.tlog\lib.command.1.tlog
