e:\code\ultravnc-code-r1273-ultravnc project root-ultravnc\zipunzip_src\zip20\windll\visualc\lib\debug\zipup.obj
e:\code\ultravnc-code-r1273-ultravnc project root-ultravnc\zipunzip_src\zip20\windll\visualc\lib\debug\zipfile.obj
e:\code\ultravnc-code-r1273-ultravnc project root-ultravnc\zipunzip_src\zip20\windll\visualc\lib\debug\zip.obj
e:\code\ultravnc-code-r1273-ultravnc project root-ultravnc\zipunzip_src\zip20\windll\visualc\lib\debug\windll.obj
e:\code\ultravnc-code-r1273-ultravnc project root-ultravnc\zipunzip_src\zip20\windll\visualc\lib\debug\win32zip.obj
e:\code\ultravnc-code-r1273-ultravnc project root-ultravnc\zipunzip_src\zip20\windll\visualc\lib\debug\win32.obj
e:\code\ultravnc-code-r1273-ultravnc project root-ultravnc\zipunzip_src\zip20\windll\visualc\lib\debug\util.obj
e:\code\ultravnc-code-r1273-ultravnc project root-ultravnc\zipunzip_src\zip20\windll\visualc\lib\debug\ttyio.obj
e:\code\ultravnc-code-r1273-ultravnc project root-ultravnc\zipunzip_src\zip20\windll\visualc\lib\debug\trees.obj
e:\code\ultravnc-code-r1273-ultravnc project root-ultravnc\zipunzip_src\zip20\windll\visualc\lib\debug\nt.obj
e:\code\ultravnc-code-r1273-ultravnc project root-ultravnc\zipunzip_src\zip20\windll\visualc\lib\debug\globals.obj
e:\code\ultravnc-code-r1273-ultravnc project root-ultravnc\zipunzip_src\zip20\windll\visualc\lib\debug\fileio.obj
e:\code\ultravnc-code-r1273-ultravnc project root-ultravnc\zipunzip_src\zip20\windll\visualc\lib\debug\deflate.obj
e:\code\ultravnc-code-r1273-ultravnc project root-ultravnc\zipunzip_src\zip20\windll\visualc\lib\debug\crypt.obj
e:\code\ultravnc-code-r1273-ultravnc project root-ultravnc\zipunzip_src\zip20\windll\visualc\lib\debug\crctab.obj
e:\code\ultravnc-code-r1273-ultravnc project root-ultravnc\zipunzip_src\zip20\windll\visualc\lib\debug\crc32.obj
e:\code\ultravnc-code-r1273-ultravnc project root-ultravnc\zipunzip_src\zip20\windll\visualc\lib\debug\api.obj
e:\code\ultravnc-code-r1273-ultravnc project root-ultravnc\winvnc\debug\zip32.lib
e:\code\ultravnc-code-r1273-ultravnc project root-ultravnc\zipunzip_src\zip20\windll\visualc\lib\debug\windll.res
e:\code\ultravnc-code-r1273-ultravnc project root-ultravnc\zipunzip_src\zip20\windll\visualc\lib\debug\zip32.tlog\cl.command.1.tlog
e:\code\ultravnc-code-r1273-ultravnc project root-ultravnc\zipunzip_src\zip20\windll\visualc\lib\debug\zip32.tlog\cl.read.1.tlog
e:\code\ultravnc-code-r1273-ultravnc project root-ultravnc\zipunzip_src\zip20\windll\visualc\lib\debug\zip32.tlog\cl.write.1.tlog
e:\code\ultravnc-code-r1273-ultravnc project root-ultravnc\zipunzip_src\zip20\windll\visualc\lib\debug\zip32.tlog\lib-link-cvtres.read.1.tlog
e:\code\ultravnc-code-r1273-ultravnc project root-ultravnc\zipunzip_src\zip20\windll\visualc\lib\debug\zip32.tlog\lib-link-cvtres.write.1.tlog
e:\code\ultravnc-code-r1273-ultravnc project root-ultravnc\zipunzip_src\zip20\windll\visualc\lib\debug\zip32.tlog\lib.command.1.tlog
e:\code\ultravnc-code-r1273-ultravnc project root-ultravnc\zipunzip_src\zip20\windll\visualc\lib\debug\zip32.tlog\rc.command.1.tlog
e:\code\ultravnc-code-r1273-ultravnc project root-ultravnc\zipunzip_src\zip20\windll\visualc\lib\debug\zip32.tlog\rc.read.1.tlog
e:\code\ultravnc-code-r1273-ultravnc project root-ultravnc\zipunzip_src\zip20\windll\visualc\lib\debug\zip32.tlog\rc.write.1.tlog
